\BOOKMARK [1][-]{section.1}{\376\377\000I\000n\000d\000l\000e\000d\000n\000i\000n\000g}{}% 1
\BOOKMARK [2][-]{subsection.1.1}{\376\377\000P\000r\000o\000b\000l\000e\000m\000i\000d\000e\000n\000t\000i\000f\000i\000k\000a\000t\000i\000o\000n}{section.1}% 2
\BOOKMARK [2][-]{subsection.1.2}{\376\377\000A\000f\000g\000r\000\346\000n\000s\000n\000i\000n\000g}{section.1}% 3
\BOOKMARK [2][-]{subsection.1.3}{\376\377\000P\000r\000o\000b\000l\000e\000m\000f\000o\000r\000m\000u\000l\000e\000r\000i\000n\000g}{section.1}% 4
\BOOKMARK [2][-]{subsection.1.4}{\376\377\000P\000r\000o\000j\000e\000k\000t\000s\000t\000y\000r\000i\000n\000g\000s\000v\000\346\000r\000k\000t\000\370\000j}{section.1}% 5
\BOOKMARK [1][-]{section.2}{\376\377\000P\000r\000o\000b\000l\000e\000m\000a\000n\000a\000l\000y\000s\000e}{}% 6
\BOOKMARK [2][-]{subsection.2.1}{\376\377\000\330\000k\000o\000n\000o\000m\000i\000s\000k\000e\000\040\000u\000d\000f\000o\000r\000d\000r\000i\000n\000g\000e\000r\000\040\000i\000\040\000s\000a\000m\000f\000u\000n\000d\000e\000t}{section.2}% 7
\BOOKMARK [2][-]{subsection.2.2}{\376\377\000A\000b\000o\000n\000n\000e\000m\000e\000n\000t\000e\000r\000s\000\040\000p\000s\000y\000k\000o\000l\000o\000g\000i\000s\000k\000e\000\040\000e\000f\000f\000e\000k\000t\000e\000r}{section.2}% 8
\BOOKMARK [2][-]{subsection.2.3}{\376\377\000S\000u\000b\000s\000c\000r\000i\000p\000t\000i\000o\000n\000\040\000f\000a\000t\000i\000g\000u\000e}{section.2}% 9
\BOOKMARK [1][-]{section.3}{\376\377\000P\000r\000o\000d\000u\000k\000t\000\040\000i\000d\000\351\000e\000r}{}% 10
\BOOKMARK [2][-]{subsection.3.1}{\376\377\000B\000r\000a\000i\000n\000s\000t\000o\000r\000m\000\040\000o\000v\000e\000r\000\040\000m\000u\000l\000i\000g\000e\000\040\000p\000r\000o\000d\000u\000k\000t\000i\000d\000e\000e\000r}{section.3}% 11
\BOOKMARK [1][-]{section.4}{\376\377\000P\000r\000o\000d\000u\000k\000t\000p\000r\000i\000n\000c\000i\000p}{}% 12
\BOOKMARK [2][-]{subsection.4.1}{\376\377\000G\000r\000u\000n\000d\000i\000d\000\351}{section.4}% 13
\BOOKMARK [2][-]{subsection.4.2}{\376\377\000K\000o\000n\000k\000u\000r\000r\000e\000n\000t\000e\000r}{section.4}% 14
\BOOKMARK [2][-]{subsection.4.3}{\376\377\000M\000\345\000l\000g\000r\000u\000p\000p\000e}{section.4}% 15
\BOOKMARK [2][-]{subsection.4.4}{\376\377\000B\000r\000u\000g\000e\000r\000g\000r\000\346\000n\000s\000e\000f\000l\000a\000d\000e\000\040\000\050\000U\000I\000/\000U\000X\000\051}{section.4}% 16
\BOOKMARK [3][-]{subsubsection.4.4.1}{\376\377\000L\000o\000w\000F\000i\000-\000P\000r\000o\000t\000o\000t\000y\000p\000e\000r}{subsection.4.4}% 17
\BOOKMARK [3][-]{subsubsection.4.4.2}{\376\377\000D\000i\000g\000i\000t\000a\000l\000\040\000p\000r\000o\000d\000u\000k\000t\000s\000k\000i\000t\000s\000e}{subsection.4.4}% 18
\BOOKMARK [1][-]{section.5}{\376\377\000P\000r\000o\000d\000u\000k\000t\000u\000d\000v\000i\000k\000l\000i\000n\000g}{}% 19
\BOOKMARK [2][-]{subsection.5.1}{\376\377\000O\000v\000e\000r\000o\000r\000d\000n\000e\000t\000\040\000o\000m\000\040\000p\000r\000o\000d\000u\000k\000t\000u\000d\000v\000i\000k\000l\000i\000n\000g}{section.5}% 20
\BOOKMARK [2][-]{subsection.5.2}{\376\377\000I\000m\000p\000l\000e\000m\000e\000n\000t\000e\000r\000i\000n\000g\000\040\000a\000f\000\040\000a\000p\000p\000l\000i\000k\000a\000t\000i\000o\000n\000e\000n}{section.5}% 21
\BOOKMARK [2][-]{subsection.5.3}{\376\377\000A\000p\000p\000e\000n\000s\000\040\000s\000t\000r\000u\000k\000t\000u\000r}{section.5}% 22
\BOOKMARK [3][-]{subsubsection.5.3.1}{\376\377\000B\000r\000u\000g\000e\000r\000g\000r\000\346\000n\000s\000e\000f\000l\000a\000d\000e\000\040\000\050\000F\000r\000o\000n\000t\000e\000n\000d\000\051}{subsection.5.3}% 23
\BOOKMARK [3][-]{subsubsection.5.3.2}{\376\377\000D\000a\000t\000a\000i\000n\000d\000s\000a\000m\000l\000i\000n\000g}{subsection.5.3}% 24
\BOOKMARK [3][-]{subsubsection.5.3.3}{\376\377\000A\000n\000a\000l\000y\000s\000e\000\040\000o\000g\000\040\000d\000a\000t\000a\000v\000i\000s\000u\000a\000l\000i\000s\000e\000r\000i\000n\000g\000s\000f\000u\000n\000k\000t\000i\000o\000n}{subsection.5.3}% 25
\BOOKMARK [3][-]{subsubsection.5.3.4}{\376\377\000F\000\370\000r\000s\000t\000e\000\040\000f\000u\000n\000k\000t\000i\000o\000n\000e\000l\000l\000e\000\040\000p\000r\000o\000t\000o\000t\000y\000p\000e}{subsection.5.3}% 26
\BOOKMARK [3][-]{subsubsection.5.3.5}{\376\377\000D\000y\000n\000a\000m\000i\000s\000k\000\040\000o\000p\000b\000y\000g\000n\000i\000n\000g}{subsection.5.3}% 27
\BOOKMARK [3][-]{subsubsection.5.3.6}{\376\377\000A\000/\000B\000\040\000T\000e\000s\000t\000i\000n\000g}{subsection.5.3}% 28
\BOOKMARK [2][-]{subsection.5.4}{\376\377\000U\000s\000i\000b\000i\000l\000i\000t\000y\000\040\000T\000e\000s\000t\000\040\000/\000\040\000U\000s\000e\000r\000\040\000t\000e\000s\000t\000s}{section.5}% 29
\BOOKMARK [1][-]{section.6}{\376\377\000M\000i\000l\000j\000\370\000o\000v\000e\000r\000v\000e\000j\000e\000l\000s\000e\000r}{}% 30
\BOOKMARK [1][-]{section.7}{\376\377\000M\000a\000r\000k\000e\000d\000s\000f\000\370\000r\000i\000n\000g}{}% 31
\BOOKMARK [2][-]{subsection.7.1}{\376\377\000L\000o\000g\000o\000\040\000o\000g\000\040\000b\000r\000a\000n\000d\000i\000d\000e\000n\000t\000i\000t\000e\000t}{section.7}% 32
\BOOKMARK [3][-]{subsubsection.7.1.1}{\376\377\000L\000o\000g\000o\000\040\000d\000e\000s\000i\000g\000n}{subsection.7.1}% 33
\BOOKMARK [1][-]{section*.7}{\376\377\000L\000i\000t\000t\000e\000r\000a\000t\000u\000r\000l\000i\000s\000t\000e}{}% 34
\BOOKMARK [1][-]{section*.8}{\376\377\000A\000p\000p\000e\000n\000d\000i\000k\000s}{}% 35
\BOOKMARK [1][-]{appendix.1.A}{\376\377\000A\000p\000p\000e\000n\000d\000i\000k\000s}{}% 36
\BOOKMARK [1][-]{appendix.1.B}{\376\377\000F\000\370\000r\000s\000t\000e\000\040\000s\000k\000i\000t\000s\000e\000\040\000a\000f\000\040\000a\000p\000p\000l\000i\000k\000a\000t\000i\000o\000n}{}% 37
\BOOKMARK [1][-]{appendix.1.C}{\376\377\000H\000V\000-\000m\000o\000d\000e\000l\000l\000e\000n}{}% 38
